<?xml version="1.0" encoding="UTF-8"?>
<!-- Generated by org.testng.reporters.JUnitXMLReporter -->
<testsuite ignored="0" hostname="DESKTOP-PL3JL7J" failures="0" tests="4" name="Test" time="19.922" errors="0" timestamp="2025-04-27T01:31:42 IST">
  <testcase classname="com.appium.tests.CalculatorTest" name="Test_Case_01" time="3.303"/>
  <testcase classname="com.appium.tests.CalculatorTest" name="Test_Case_02" time="3.066"/>
  <testcase classname="com.appium.tests.CalculatorTest" name="Test_Case_03" time="3.531"/>
  <testcase classname="com.appium.tests.CalculatorTest" name="Test_Case_04" time="3.444"/>
</testsuite> <!-- Test -->
