<?xml version="1.0" encoding="UTF-8"?>
<testng-results ignored="0" total="4" passed="4" failed="0" skipped="0">
  <reporter-output>
  </reporter-output>
  <suite started-at="2025-04-27T01:42:23 IST" name="Default suite" finished-at="2025-04-27T01:42:44 IST" duration-ms="20896">
    <groups>
    </groups>
    <test started-at="2025-04-27T01:42:23 IST" name="Default test" finished-at="2025-04-27T01:42:44 IST" duration-ms="20896">
      <class name="com.appium.tests.CalculatorTest">
        <test-method is-config="true" signature="setup()[pri:0, instance:com.appium.tests.CalculatorTest@15043a2f]" started-at="2025-04-27T01:42:23 IST" name="setup" finished-at="2025-04-27T01:42:30 IST" duration-ms="6329" status="PASS">
          <reporter-output>
          </reporter-output>
        </test-method> <!-- setup -->
        <test-method signature="Test_Case_01()[pri:0, instance:com.appium.tests.CalculatorTest@15043a2f]" started-at="2025-04-27T01:42:30 IST" name="Test_Case_01" finished-at="2025-04-27T01:42:33 IST" duration-ms="3310" status="PASS">
          <reporter-output>
          </reporter-output>
        </test-method> <!-- Test_Case_01 -->
        <test-method signature="Test_Case_02()[pri:0, instance:com.appium.tests.CalculatorTest@15043a2f]" started-at="2025-04-27T01:42:33 IST" name="Test_Case_02" finished-at="2025-04-27T01:42:36 IST" duration-ms="3136" status="PASS">
          <reporter-output>
          </reporter-output>
        </test-method> <!-- Test_Case_02 -->
        <test-method signature="Test_Case_03()[pri:0, instance:com.appium.tests.CalculatorTest@15043a2f]" started-at="2025-04-27T01:42:36 IST" name="Test_Case_03" finished-at="2025-04-27T01:42:40 IST" duration-ms="3693" status="PASS">
          <reporter-output>
          </reporter-output>
        </test-method> <!-- Test_Case_03 -->
        <test-method signature="Test_Case_04()[pri:0, instance:com.appium.tests.CalculatorTest@15043a2f]" started-at="2025-04-27T01:42:40 IST" name="Test_Case_04" finished-at="2025-04-27T01:42:43 IST" duration-ms="3302" status="PASS">
          <reporter-output>
          </reporter-output>
        </test-method> <!-- Test_Case_04 -->
        <test-method is-config="true" signature="tearDown()[pri:0, instance:com.appium.tests.CalculatorTest@15043a2f]" started-at="2025-04-27T01:42:43 IST" name="tearDown" finished-at="2025-04-27T01:42:44 IST" duration-ms="995" status="PASS">
          <reporter-output>
          </reporter-output>
        </test-method> <!-- tearDown -->
      </class> <!-- com.appium.tests.CalculatorTest -->
    </test> <!-- Default test -->
  </suite> <!-- Default suite -->
</testng-results>
