<?xml version="1.0" encoding="UTF-8"?>
<!-- Generated by org.testng.reporters.JUnitXMLReporter -->
<testsuite ignored="0" hostname="DESKTOP-PL3JL7J" failures="0" tests="4" name="Default test" time="20.896" errors="0" timestamp="2025-04-27T01:42:44 IST">
  <testcase classname="com.appium.tests.CalculatorTest" name="Test_Case_01" time="3.31"/>
  <testcase classname="com.appium.tests.CalculatorTest" name="Test_Case_02" time="3.136"/>
  <testcase classname="com.appium.tests.CalculatorTest" name="Test_Case_03" time="3.693"/>
  <testcase classname="com.appium.tests.CalculatorTest" name="Test_Case_04" time="3.302"/>
</testsuite> <!-- Default test -->
